CRITICAL - 2023-09-28 01:36:44 --> Undefined variable $user
in APPPATH\Views\user\index.php on line 62.
 1 APPPATH\Views\user\index.php(62): CodeIgniter\Debug\Exceptions->errorHandler(2, 'Undefined variable $user', 'C:\\xampp\\htdocs\\cs\\app\\Views\\user\\index.php', 62)
 2 SYSTEMPATH\View\View.php(226): include('C:\\xampp\\htdocs\\cs\\app\\Views\\user\\index.php')
 3 SYSTEMPATH\View\View.php(229): CodeIgniter\View\View->CodeIgniter\View\{closure}()
 4 SYSTEMPATH\Common.php(1188): CodeIgniter\View\View->render('user/index', [], true)
 5 APPPATH\Controllers\User.php(57): view('user/index', [...])
 6 SYSTEMPATH\CodeIgniter.php(919): App\Controllers\User->add()
 7 SYSTEMPATH\CodeIgniter.php(494): CodeIgniter\CodeIgniter->runController(Object(App\Controllers\User))
 8 SYSTEMPATH\CodeIgniter.php(353): CodeIgniter\CodeIgniter->handleRequest(null, Object(Config\Cache), false)
 9 FCPATH\index.php(79): CodeIgniter\CodeIgniter->run()
CRITICAL - 2023-09-28 01:37:04 --> Undefined variable $user
in APPPATH\Views\user\index.php on line 62.
 1 APPPATH\Views\user\index.php(62): CodeIgniter\Debug\Exceptions->errorHandler(2, 'Undefined variable $user', 'C:\\xampp\\htdocs\\cs\\app\\Views\\user\\index.php', 62)
 2 SYSTEMPATH\View\View.php(226): include('C:\\xampp\\htdocs\\cs\\app\\Views\\user\\index.php')
 3 SYSTEMPATH\View\View.php(229): CodeIgniter\View\View->CodeIgniter\View\{closure}()
 4 SYSTEMPATH\Common.php(1188): CodeIgniter\View\View->render('user/index', [], true)
 5 APPPATH\Controllers\User.php(57): view('user/index', [...])
 6 SYSTEMPATH\CodeIgniter.php(919): App\Controllers\User->add()
 7 SYSTEMPATH\CodeIgniter.php(494): CodeIgniter\CodeIgniter->runController(Object(App\Controllers\User))
 8 SYSTEMPATH\CodeIgniter.php(353): CodeIgniter\CodeIgniter->handleRequest(null, Object(Config\Cache), false)
 9 FCPATH\index.php(79): CodeIgniter\CodeIgniter->run()
CRITICAL - 2023-09-28 01:39:05 --> Undefined variable $user
in APPPATH\Views\user\index.php on line 62.
 1 APPPATH\Views\user\index.php(62): CodeIgniter\Debug\Exceptions->errorHandler(2, 'Undefined variable $user', 'C:\\xampp\\htdocs\\cs\\app\\Views\\user\\index.php', 62)
 2 SYSTEMPATH\View\View.php(226): include('C:\\xampp\\htdocs\\cs\\app\\Views\\user\\index.php')
 3 SYSTEMPATH\View\View.php(229): CodeIgniter\View\View->CodeIgniter\View\{closure}()
 4 SYSTEMPATH\Common.php(1188): CodeIgniter\View\View->render('user/index', [], true)
 5 APPPATH\Controllers\User.php(57): view('user/index', [...])
 6 SYSTEMPATH\CodeIgniter.php(919): App\Controllers\User->add()
 7 SYSTEMPATH\CodeIgniter.php(494): CodeIgniter\CodeIgniter->runController(Object(App\Controllers\User))
 8 SYSTEMPATH\CodeIgniter.php(353): CodeIgniter\CodeIgniter->handleRequest(null, Object(Config\Cache), false)
 9 FCPATH\index.php(79): CodeIgniter\CodeIgniter->run()
CRITICAL - 2023-09-28 01:41:37 --> Undefined variable $user
in APPPATH\Views\user\index.php on line 62.
 1 APPPATH\Views\user\index.php(62): CodeIgniter\Debug\Exceptions->errorHandler(2, 'Undefined variable $user', 'C:\\xampp\\htdocs\\cs\\app\\Views\\user\\index.php', 62)
 2 SYSTEMPATH\View\View.php(226): include('C:\\xampp\\htdocs\\cs\\app\\Views\\user\\index.php')
 3 SYSTEMPATH\View\View.php(229): CodeIgniter\View\View->CodeIgniter\View\{closure}()
 4 SYSTEMPATH\Common.php(1188): CodeIgniter\View\View->render('user/index', [], true)
 5 APPPATH\Controllers\User.php(57): view('user/index', [...])
 6 SYSTEMPATH\CodeIgniter.php(919): App\Controllers\User->add()
 7 SYSTEMPATH\CodeIgniter.php(494): CodeIgniter\CodeIgniter->runController(Object(App\Controllers\User))
 8 SYSTEMPATH\CodeIgniter.php(353): CodeIgniter\CodeIgniter->handleRequest(null, Object(Config\Cache), false)
 9 FCPATH\index.php(79): CodeIgniter\CodeIgniter->run()
CRITICAL - 2023-09-28 01:42:03 --> Undefined variable $user
in APPPATH\Views\user\index.php on line 62.
 1 APPPATH\Views\user\index.php(62): CodeIgniter\Debug\Exceptions->errorHandler(2, 'Undefined variable $user', 'C:\\xampp\\htdocs\\cs\\app\\Views\\user\\index.php', 62)
 2 SYSTEMPATH\View\View.php(226): include('C:\\xampp\\htdocs\\cs\\app\\Views\\user\\index.php')
 3 SYSTEMPATH\View\View.php(229): CodeIgniter\View\View->CodeIgniter\View\{closure}()
 4 SYSTEMPATH\Common.php(1188): CodeIgniter\View\View->render('user/index', [], true)
 5 APPPATH\Controllers\User.php(57): view('user/index', [...])
 6 SYSTEMPATH\CodeIgniter.php(919): App\Controllers\User->add()
 7 SYSTEMPATH\CodeIgniter.php(494): CodeIgniter\CodeIgniter->runController(Object(App\Controllers\User))
 8 SYSTEMPATH\CodeIgniter.php(353): CodeIgniter\CodeIgniter->handleRequest(null, Object(Config\Cache), false)
 9 FCPATH\index.php(79): CodeIgniter\CodeIgniter->run()
CRITICAL - 2023-09-28 02:15:17 --> Undefined variable $user
in APPPATH\Views\user\index.php on line 62.
 1 APPPATH\Views\user\index.php(62): CodeIgniter\Debug\Exceptions->errorHandler(2, 'Undefined variable $user', 'C:\\xampp\\htdocs\\cs\\app\\Views\\user\\index.php', 62)
 2 SYSTEMPATH\View\View.php(226): include('C:\\xampp\\htdocs\\cs\\app\\Views\\user\\index.php')
 3 SYSTEMPATH\View\View.php(229): CodeIgniter\View\View->CodeIgniter\View\{closure}()
 4 SYSTEMPATH\Common.php(1188): CodeIgniter\View\View->render('user/index', [], true)
 5 APPPATH\Controllers\User.php(50): view('user/index', [])
 6 SYSTEMPATH\CodeIgniter.php(919): App\Controllers\User->add()
 7 SYSTEMPATH\CodeIgniter.php(494): CodeIgniter\CodeIgniter->runController(Object(App\Controllers\User))
 8 SYSTEMPATH\CodeIgniter.php(353): CodeIgniter\CodeIgniter->handleRequest(null, Object(Config\Cache), false)
 9 FCPATH\index.php(79): CodeIgniter\CodeIgniter->run()
CRITICAL - 2023-09-28 02:15:44 --> Undefined variable $user
in APPPATH\Views\user\index.php on line 62.
 1 APPPATH\Views\user\index.php(62): CodeIgniter\Debug\Exceptions->errorHandler(2, 'Undefined variable $user', 'C:\\xampp\\htdocs\\cs\\app\\Views\\user\\index.php', 62)
 2 SYSTEMPATH\View\View.php(226): include('C:\\xampp\\htdocs\\cs\\app\\Views\\user\\index.php')
 3 SYSTEMPATH\View\View.php(229): CodeIgniter\View\View->CodeIgniter\View\{closure}()
 4 SYSTEMPATH\Common.php(1188): CodeIgniter\View\View->render('user/index', [], true)
 5 APPPATH\Controllers\User.php(50): view('user/index', [])
 6 SYSTEMPATH\CodeIgniter.php(919): App\Controllers\User->add()
 7 SYSTEMPATH\CodeIgniter.php(494): CodeIgniter\CodeIgniter->runController(Object(App\Controllers\User))
 8 SYSTEMPATH\CodeIgniter.php(353): CodeIgniter\CodeIgniter->handleRequest(null, Object(Config\Cache), false)
 9 FCPATH\index.php(79): CodeIgniter\CodeIgniter->run()
CRITICAL - 2023-09-28 02:19:43 --> Undefined variable $user
in APPPATH\Views\user\index.php on line 62.
 1 APPPATH\Views\user\index.php(62): CodeIgniter\Debug\Exceptions->errorHandler(2, 'Undefined variable $user', 'C:\\xampp\\htdocs\\cs\\app\\Views\\user\\index.php', 62)
 2 SYSTEMPATH\View\View.php(226): include('C:\\xampp\\htdocs\\cs\\app\\Views\\user\\index.php')
 3 SYSTEMPATH\View\View.php(229): CodeIgniter\View\View->CodeIgniter\View\{closure}()
 4 SYSTEMPATH\Common.php(1188): CodeIgniter\View\View->render('user/index', [], true)
 5 APPPATH\Controllers\User.php(50): view('user/index', [])
 6 SYSTEMPATH\CodeIgniter.php(919): App\Controllers\User->add()
 7 SYSTEMPATH\CodeIgniter.php(494): CodeIgniter\CodeIgniter->runController(Object(App\Controllers\User))
 8 SYSTEMPATH\CodeIgniter.php(353): CodeIgniter\CodeIgniter->handleRequest(null, Object(Config\Cache), false)
 9 FCPATH\index.php(79): CodeIgniter\CodeIgniter->run()
CRITICAL - 2023-09-28 02:26:52 --> Invalid file: "welcome_message.php"
in SYSTEMPATH\Exceptions\FrameworkException.php on line 39.
 1 SYSTEMPATH\View\View.php(214): CodeIgniter\Exceptions\FrameworkException::forInvalidFile('welcome_message.php')
 2 SYSTEMPATH\Common.php(1188): CodeIgniter\View\View->render('welcome_message', [], true)
 3 APPPATH\Controllers\Home.php(9): view('welcome_message')
 4 SYSTEMPATH\CodeIgniter.php(919): App\Controllers\Home->index()
 5 SYSTEMPATH\CodeIgniter.php(494): CodeIgniter\CodeIgniter->runController(Object(App\Controllers\Home))
 6 SYSTEMPATH\CodeIgniter.php(353): CodeIgniter\CodeIgniter->handleRequest(null, Object(Config\Cache), false)
 7 FCPATH\index.php(79): CodeIgniter\CodeIgniter->run()
INFO - 2023-09-28 02:27:29 --> Session: Class initialized using 'CodeIgniter\Session\Handlers\FileHandler' driver.
CRITICAL - 2023-09-28 04:37:26 --> Cannot use object of type stdClass as array
in APPPATH\Views\user\index.php on line 71.
 1 SYSTEMPATH\View\View.php(226): include()
 2 SYSTEMPATH\View\View.php(229): CodeIgniter\View\View->CodeIgniter\View\{closure}()
 3 SYSTEMPATH\Common.php(1188): CodeIgniter\View\View->render('user/index', [], true)
 4 APPPATH\Controllers\User.php(16): view('user/index', [...])
 5 SYSTEMPATH\CodeIgniter.php(919): App\Controllers\User->index()
 6 SYSTEMPATH\CodeIgniter.php(494): CodeIgniter\CodeIgniter->runController(Object(App\Controllers\User))
 7 SYSTEMPATH\CodeIgniter.php(353): CodeIgniter\CodeIgniter->handleRequest(null, Object(Config\Cache), false)
 8 FCPATH\index.php(79): CodeIgniter\CodeIgniter->run()
CRITICAL - 2023-09-28 04:42:11 --> Undefined property: stdClass::$userleve
in APPPATH\Views\user\index.php on line 71.
 1 APPPATH\Views\user\index.php(71): CodeIgniter\Debug\Exceptions->errorHandler(2, 'Undefined property: stdClass::$userleve', 'C:\\xampp\\htdocs\\cs\\app\\Views\\user\\index.php', 71)
 2 SYSTEMPATH\View\View.php(226): include('C:\\xampp\\htdocs\\cs\\app\\Views\\user\\index.php')
 3 SYSTEMPATH\View\View.php(229): CodeIgniter\View\View->CodeIgniter\View\{closure}()
 4 SYSTEMPATH\Common.php(1188): CodeIgniter\View\View->render('user/index', [], true)
 5 APPPATH\Controllers\User.php(16): view('user/index', [...])
 6 SYSTEMPATH\CodeIgniter.php(919): App\Controllers\User->index()
 7 SYSTEMPATH\CodeIgniter.php(494): CodeIgniter\CodeIgniter->runController(Object(App\Controllers\User))
 8 SYSTEMPATH\CodeIgniter.php(353): CodeIgniter\CodeIgniter->handleRequest(null, Object(Config\Cache), false)
 9 FCPATH\index.php(79): CodeIgniter\CodeIgniter->run()
CRITICAL - 2023-09-28 04:42:13 --> Undefined property: stdClass::$userleve
in APPPATH\Views\user\index.php on line 71.
 1 APPPATH\Views\user\index.php(71): CodeIgniter\Debug\Exceptions->errorHandler(2, 'Undefined property: stdClass::$userleve', 'C:\\xampp\\htdocs\\cs\\app\\Views\\user\\index.php', 71)
 2 SYSTEMPATH\View\View.php(226): include('C:\\xampp\\htdocs\\cs\\app\\Views\\user\\index.php')
 3 SYSTEMPATH\View\View.php(229): CodeIgniter\View\View->CodeIgniter\View\{closure}()
 4 SYSTEMPATH\Common.php(1188): CodeIgniter\View\View->render('user/index', [], true)
 5 APPPATH\Controllers\User.php(16): view('user/index', [...])
 6 SYSTEMPATH\CodeIgniter.php(919): App\Controllers\User->index()
 7 SYSTEMPATH\CodeIgniter.php(494): CodeIgniter\CodeIgniter->runController(Object(App\Controllers\User))
 8 SYSTEMPATH\CodeIgniter.php(353): CodeIgniter\CodeIgniter->handleRequest(null, Object(Config\Cache), false)
 9 FCPATH\index.php(79): CodeIgniter\CodeIgniter->run()
CRITICAL - 2023-09-28 04:42:15 --> Undefined property: stdClass::$userleve
in APPPATH\Views\user\index.php on line 71.
 1 APPPATH\Views\user\index.php(71): CodeIgniter\Debug\Exceptions->errorHandler(2, 'Undefined property: stdClass::$userleve', 'C:\\xampp\\htdocs\\cs\\app\\Views\\user\\index.php', 71)
 2 SYSTEMPATH\View\View.php(226): include('C:\\xampp\\htdocs\\cs\\app\\Views\\user\\index.php')
 3 SYSTEMPATH\View\View.php(229): CodeIgniter\View\View->CodeIgniter\View\{closure}()
 4 SYSTEMPATH\Common.php(1188): CodeIgniter\View\View->render('user/index', [], true)
 5 APPPATH\Controllers\User.php(16): view('user/index', [...])
 6 SYSTEMPATH\CodeIgniter.php(919): App\Controllers\User->index()
 7 SYSTEMPATH\CodeIgniter.php(494): CodeIgniter\CodeIgniter->runController(Object(App\Controllers\User))
 8 SYSTEMPATH\CodeIgniter.php(353): CodeIgniter\CodeIgniter->handleRequest(null, Object(Config\Cache), false)
 9 FCPATH\index.php(79): CodeIgniter\CodeIgniter->run()
CRITICAL - 2023-09-28 04:49:42 --> Attempt to read property "empno" on array
in APPPATH\Views\allmodal\usermodal.php on line 83.
 1 APPPATH\Views\allmodal\usermodal.php(83): CodeIgniter\Debug\Exceptions->errorHandler(2, 'Attempt to read property "empno" on array', 'C:\\xampp\\htdocs\\cs\\app\\Views\\allmodal\\usermodal.php', 83)
 2 SYSTEMPATH\View\View.php(226): include('C:\\xampp\\htdocs\\cs\\app\\Views\\allmodal\\usermodal.php')
 3 SYSTEMPATH\View\View.php(229): CodeIgniter\View\View->CodeIgniter\View\{closure}()
 4 SYSTEMPATH\Common.php(1188): CodeIgniter\View\View->render('allmodal/usermodal', [], true)
 5 APPPATH\Views\user\index.php(107): view('allmodal/usermodal')
 6 SYSTEMPATH\View\View.php(226): include('C:\\xampp\\htdocs\\cs\\app\\Views\\user\\index.php')
 7 SYSTEMPATH\View\View.php(229): CodeIgniter\View\View->CodeIgniter\View\{closure}()
 8 SYSTEMPATH\Common.php(1188): CodeIgniter\View\View->render('user/index', [], true)
 9 APPPATH\Controllers\User.php(16): view('user/index', [...])
10 SYSTEMPATH\CodeIgniter.php(919): App\Controllers\User->index()
11 SYSTEMPATH\CodeIgniter.php(494): CodeIgniter\CodeIgniter->runController(Object(App\Controllers\User))
12 SYSTEMPATH\CodeIgniter.php(353): CodeIgniter\CodeIgniter->handleRequest(null, Object(Config\Cache), false)
13 FCPATH\index.php(79): CodeIgniter\CodeIgniter->run()
CRITICAL - 2023-09-28 04:49:43 --> Attempt to read property "empno" on array
in APPPATH\Views\allmodal\usermodal.php on line 83.
 1 APPPATH\Views\allmodal\usermodal.php(83): CodeIgniter\Debug\Exceptions->errorHandler(2, 'Attempt to read property "empno" on array', 'C:\\xampp\\htdocs\\cs\\app\\Views\\allmodal\\usermodal.php', 83)
 2 SYSTEMPATH\View\View.php(226): include('C:\\xampp\\htdocs\\cs\\app\\Views\\allmodal\\usermodal.php')
 3 SYSTEMPATH\View\View.php(229): CodeIgniter\View\View->CodeIgniter\View\{closure}()
 4 SYSTEMPATH\Common.php(1188): CodeIgniter\View\View->render('allmodal/usermodal', [], true)
 5 APPPATH\Views\user\index.php(107): view('allmodal/usermodal')
 6 SYSTEMPATH\View\View.php(226): include('C:\\xampp\\htdocs\\cs\\app\\Views\\user\\index.php')
 7 SYSTEMPATH\View\View.php(229): CodeIgniter\View\View->CodeIgniter\View\{closure}()
 8 SYSTEMPATH\Common.php(1188): CodeIgniter\View\View->render('user/index', [], true)
 9 APPPATH\Controllers\User.php(16): view('user/index', [...])
10 SYSTEMPATH\CodeIgniter.php(919): App\Controllers\User->index()
11 SYSTEMPATH\CodeIgniter.php(494): CodeIgniter\CodeIgniter->runController(Object(App\Controllers\User))
12 SYSTEMPATH\CodeIgniter.php(353): CodeIgniter\CodeIgniter->handleRequest(null, Object(Config\Cache), false)
13 FCPATH\index.php(79): CodeIgniter\CodeIgniter->run()
CRITICAL - 2023-09-28 04:50:49 --> Invalid file: "welcome_message.php"
in SYSTEMPATH\Exceptions\FrameworkException.php on line 39.
 1 SYSTEMPATH\View\View.php(214): CodeIgniter\Exceptions\FrameworkException::forInvalidFile('welcome_message.php')
 2 SYSTEMPATH\Common.php(1188): CodeIgniter\View\View->render('welcome_message', [], true)
 3 APPPATH\Controllers\Home.php(9): view('welcome_message')
 4 SYSTEMPATH\CodeIgniter.php(919): App\Controllers\Home->index()
 5 SYSTEMPATH\CodeIgniter.php(494): CodeIgniter\CodeIgniter->runController(Object(App\Controllers\Home))
 6 SYSTEMPATH\CodeIgniter.php(353): CodeIgniter\CodeIgniter->handleRequest(null, Object(Config\Cache), false)
 7 FCPATH\index.php(79): CodeIgniter\CodeIgniter->run()
CRITICAL - 2023-09-28 04:56:48 --> Attempt to read property "empno" on array
in APPPATH\Views\allmodal\usermodal.php on line 83.
 1 APPPATH\Views\allmodal\usermodal.php(83): CodeIgniter\Debug\Exceptions->errorHandler(2, 'Attempt to read property "empno" on array', 'C:\\xampp\\htdocs\\cs\\app\\Views\\allmodal\\usermodal.php', 83)
 2 SYSTEMPATH\View\View.php(226): include('C:\\xampp\\htdocs\\cs\\app\\Views\\allmodal\\usermodal.php')
 3 SYSTEMPATH\View\View.php(229): CodeIgniter\View\View->CodeIgniter\View\{closure}()
 4 SYSTEMPATH\Common.php(1188): CodeIgniter\View\View->render('allmodal/usermodal', [], true)
 5 APPPATH\Views\user\index.php(107): view('allmodal/usermodal')
 6 SYSTEMPATH\View\View.php(226): include('C:\\xampp\\htdocs\\cs\\app\\Views\\user\\index.php')
 7 SYSTEMPATH\View\View.php(229): CodeIgniter\View\View->CodeIgniter\View\{closure}()
 8 SYSTEMPATH\Common.php(1188): CodeIgniter\View\View->render('user/index', [], true)
 9 APPPATH\Controllers\User.php(16): view('user/index', [...])
10 SYSTEMPATH\CodeIgniter.php(919): App\Controllers\User->index()
11 SYSTEMPATH\CodeIgniter.php(494): CodeIgniter\CodeIgniter->runController(Object(App\Controllers\User))
12 SYSTEMPATH\CodeIgniter.php(353): CodeIgniter\CodeIgniter->handleRequest(null, Object(Config\Cache), false)
13 FCPATH\index.php(79): CodeIgniter\CodeIgniter->run()
CRITICAL - 2023-09-28 04:56:53 --> Attempt to read property "empno" on array
in APPPATH\Views\allmodal\usermodal.php on line 83.
 1 APPPATH\Views\allmodal\usermodal.php(83): CodeIgniter\Debug\Exceptions->errorHandler(2, 'Attempt to read property "empno" on array', 'C:\\xampp\\htdocs\\cs\\app\\Views\\allmodal\\usermodal.php', 83)
 2 SYSTEMPATH\View\View.php(226): include('C:\\xampp\\htdocs\\cs\\app\\Views\\allmodal\\usermodal.php')
 3 SYSTEMPATH\View\View.php(229): CodeIgniter\View\View->CodeIgniter\View\{closure}()
 4 SYSTEMPATH\Common.php(1188): CodeIgniter\View\View->render('allmodal/usermodal', [], true)
 5 APPPATH\Views\user\index.php(107): view('allmodal/usermodal')
 6 SYSTEMPATH\View\View.php(226): include('C:\\xampp\\htdocs\\cs\\app\\Views\\user\\index.php')
 7 SYSTEMPATH\View\View.php(229): CodeIgniter\View\View->CodeIgniter\View\{closure}()
 8 SYSTEMPATH\Common.php(1188): CodeIgniter\View\View->render('user/index', [], true)
 9 APPPATH\Controllers\User.php(16): view('user/index', [...])
10 SYSTEMPATH\CodeIgniter.php(919): App\Controllers\User->index()
11 SYSTEMPATH\CodeIgniter.php(494): CodeIgniter\CodeIgniter->runController(Object(App\Controllers\User))
12 SYSTEMPATH\CodeIgniter.php(353): CodeIgniter\CodeIgniter->handleRequest(null, Object(Config\Cache), false)
13 FCPATH\index.php(79): CodeIgniter\CodeIgniter->run()
CRITICAL - 2023-09-28 04:59:06 --> Attempt to read property "empno" on array
in APPPATH\Views\allmodal\usermodal.php on line 83.
 1 APPPATH\Views\allmodal\usermodal.php(83): CodeIgniter\Debug\Exceptions->errorHandler(2, 'Attempt to read property "empno" on array', 'C:\\xampp\\htdocs\\cs\\app\\Views\\allmodal\\usermodal.php', 83)
 2 SYSTEMPATH\View\View.php(226): include('C:\\xampp\\htdocs\\cs\\app\\Views\\allmodal\\usermodal.php')
 3 SYSTEMPATH\View\View.php(229): CodeIgniter\View\View->CodeIgniter\View\{closure}()
 4 SYSTEMPATH\Common.php(1188): CodeIgniter\View\View->render('allmodal/usermodal', [], true)
 5 APPPATH\Views\user\index.php(107): view('allmodal/usermodal')
 6 SYSTEMPATH\View\View.php(226): include('C:\\xampp\\htdocs\\cs\\app\\Views\\user\\index.php')
 7 SYSTEMPATH\View\View.php(229): CodeIgniter\View\View->CodeIgniter\View\{closure}()
 8 SYSTEMPATH\Common.php(1188): CodeIgniter\View\View->render('user/index', [], true)
 9 APPPATH\Controllers\User.php(16): view('user/index', [...])
10 SYSTEMPATH\CodeIgniter.php(919): App\Controllers\User->index()
11 SYSTEMPATH\CodeIgniter.php(494): CodeIgniter\CodeIgniter->runController(Object(App\Controllers\User))
12 SYSTEMPATH\CodeIgniter.php(353): CodeIgniter\CodeIgniter->handleRequest(null, Object(Config\Cache), false)
13 FCPATH\index.php(79): CodeIgniter\CodeIgniter->run()
CRITICAL - 2023-09-28 04:59:16 --> Attempt to read property "empno" on array
in APPPATH\Views\allmodal\usermodal.php on line 83.
 1 APPPATH\Views\allmodal\usermodal.php(83): CodeIgniter\Debug\Exceptions->errorHandler(2, 'Attempt to read property "empno" on array', 'C:\\xampp\\htdocs\\cs\\app\\Views\\allmodal\\usermodal.php', 83)
 2 SYSTEMPATH\View\View.php(226): include('C:\\xampp\\htdocs\\cs\\app\\Views\\allmodal\\usermodal.php')
 3 SYSTEMPATH\View\View.php(229): CodeIgniter\View\View->CodeIgniter\View\{closure}()
 4 SYSTEMPATH\Common.php(1188): CodeIgniter\View\View->render('allmodal/usermodal', [], true)
 5 APPPATH\Views\user\index.php(107): view('allmodal/usermodal')
 6 SYSTEMPATH\View\View.php(226): include('C:\\xampp\\htdocs\\cs\\app\\Views\\user\\index.php')
 7 SYSTEMPATH\View\View.php(229): CodeIgniter\View\View->CodeIgniter\View\{closure}()
 8 SYSTEMPATH\Common.php(1188): CodeIgniter\View\View->render('user/index', [], true)
 9 APPPATH\Controllers\User.php(16): view('user/index', [...])
10 SYSTEMPATH\CodeIgniter.php(919): App\Controllers\User->index()
11 SYSTEMPATH\CodeIgniter.php(494): CodeIgniter\CodeIgniter->runController(Object(App\Controllers\User))
12 SYSTEMPATH\CodeIgniter.php(353): CodeIgniter\CodeIgniter->handleRequest(null, Object(Config\Cache), false)
13 FCPATH\index.php(79): CodeIgniter\CodeIgniter->run()
CRITICAL - 2023-09-28 05:10:39 --> Attempt to read property "empno" on array
in APPPATH\Views\allmodal\usermodal.php on line 83.
 1 APPPATH\Views\allmodal\usermodal.php(83): CodeIgniter\Debug\Exceptions->errorHandler(2, 'Attempt to read property "empno" on array', 'C:\\xampp\\htdocs\\cs\\app\\Views\\allmodal\\usermodal.php', 83)
 2 SYSTEMPATH\View\View.php(226): include('C:\\xampp\\htdocs\\cs\\app\\Views\\allmodal\\usermodal.php')
 3 SYSTEMPATH\View\View.php(229): CodeIgniter\View\View->CodeIgniter\View\{closure}()
 4 SYSTEMPATH\Common.php(1188): CodeIgniter\View\View->render('allmodal/usermodal', [], true)
 5 APPPATH\Views\user\index.php(107): view('allmodal/usermodal')
 6 SYSTEMPATH\View\View.php(226): include('C:\\xampp\\htdocs\\cs\\app\\Views\\user\\index.php')
 7 SYSTEMPATH\View\View.php(229): CodeIgniter\View\View->CodeIgniter\View\{closure}()
 8 SYSTEMPATH\Common.php(1188): CodeIgniter\View\View->render('user/index', [], true)
 9 APPPATH\Controllers\User.php(16): view('user/index', [...])
10 SYSTEMPATH\CodeIgniter.php(919): App\Controllers\User->index()
11 SYSTEMPATH\CodeIgniter.php(494): CodeIgniter\CodeIgniter->runController(Object(App\Controllers\User))
12 SYSTEMPATH\CodeIgniter.php(353): CodeIgniter\CodeIgniter->handleRequest(null, Object(Config\Cache), false)
13 FCPATH\index.php(79): CodeIgniter\CodeIgniter->run()
CRITICAL - 2023-09-28 05:27:20 --> Invalid file: "allmodal/ViewUserModal.php"
in SYSTEMPATH\Exceptions\FrameworkException.php on line 39.
 1 SYSTEMPATH\View\View.php(214): CodeIgniter\Exceptions\FrameworkException::forInvalidFile('allmodal/ViewUserModal.php')
 2 SYSTEMPATH\Common.php(1188): CodeIgniter\View\View->render('allmodal/ViewUserModal', [], true)
 3 APPPATH\Controllers\User.php(86): view('allmodal/ViewUserModal', [...])
 4 SYSTEMPATH\CodeIgniter.php(919): App\Controllers\User->view()
 5 SYSTEMPATH\CodeIgniter.php(494): CodeIgniter\CodeIgniter->runController(Object(App\Controllers\User))
 6 SYSTEMPATH\CodeIgniter.php(353): CodeIgniter\CodeIgniter->handleRequest(null, Object(Config\Cache), false)
 7 FCPATH\index.php(79): CodeIgniter\CodeIgniter->run()
CRITICAL - 2023-09-28 05:33:21 --> Undefined variable $id
in APPPATH\Controllers\User.php on line 84.
 1 APPPATH\Controllers\User.php(84): CodeIgniter\Debug\Exceptions->errorHandler(2, 'Undefined variable $id', 'C:\\xampp\\htdocs\\cs\\app\\Controllers\\User.php', 84)
 2 SYSTEMPATH\CodeIgniter.php(919): App\Controllers\User->view()
 3 SYSTEMPATH\CodeIgniter.php(494): CodeIgniter\CodeIgniter->runController(Object(App\Controllers\User))
 4 SYSTEMPATH\CodeIgniter.php(353): CodeIgniter\CodeIgniter->handleRequest(null, Object(Config\Cache), false)
 5 FCPATH\index.php(79): CodeIgniter\CodeIgniter->run()
CRITICAL - 2023-09-28 05:43:34 --> Invalid file: "welcome_message.php"
in SYSTEMPATH\Exceptions\FrameworkException.php on line 39.
 1 SYSTEMPATH\View\View.php(214): CodeIgniter\Exceptions\FrameworkException::forInvalidFile('welcome_message.php')
 2 SYSTEMPATH\Common.php(1188): CodeIgniter\View\View->render('welcome_message', [], true)
 3 APPPATH\Controllers\Home.php(9): view('welcome_message')
 4 SYSTEMPATH\CodeIgniter.php(919): App\Controllers\Home->index()
 5 SYSTEMPATH\CodeIgniter.php(494): CodeIgniter\CodeIgniter->runController(Object(App\Controllers\Home))
 6 SYSTEMPATH\CodeIgniter.php(353): CodeIgniter\CodeIgniter->handleRequest(null, Object(Config\Cache), false)
 7 FCPATH\index.php(79): CodeIgniter\CodeIgniter->run()
CRITICAL - 2023-09-28 05:46:17 --> Cannot use object of type stdClass as array
in APPPATH\Views\allmodal\usermodal.php on line 83.
 1 SYSTEMPATH\View\View.php(226): include()
 2 SYSTEMPATH\View\View.php(229): CodeIgniter\View\View->CodeIgniter\View\{closure}()
 3 SYSTEMPATH\Common.php(1188): CodeIgniter\View\View->render('allmodal/usermodal', [], true)
 4 APPPATH\Controllers\User.php(85): view('allmodal/usermodal', [...])
 5 SYSTEMPATH\CodeIgniter.php(919): App\Controllers\User->view()
 6 SYSTEMPATH\CodeIgniter.php(494): CodeIgniter\CodeIgniter->runController(Object(App\Controllers\User))
 7 SYSTEMPATH\CodeIgniter.php(353): CodeIgniter\CodeIgniter->handleRequest(null, Object(Config\Cache), false)
 8 FCPATH\index.php(79): CodeIgniter\CodeIgniter->run()
CRITICAL - 2023-09-28 05:47:36 --> Cannot use object of type stdClass as array
in APPPATH\Views\allmodal\usermodal.php on line 83.
 1 SYSTEMPATH\View\View.php(226): include()
 2 SYSTEMPATH\View\View.php(229): CodeIgniter\View\View->CodeIgniter\View\{closure}()
 3 SYSTEMPATH\Common.php(1188): CodeIgniter\View\View->render('allmodal/usermodal', [], true)
 4 APPPATH\Controllers\User.php(85): view('allmodal/usermodal', [...])
 5 SYSTEMPATH\CodeIgniter.php(919): App\Controllers\User->view()
 6 SYSTEMPATH\CodeIgniter.php(494): CodeIgniter\CodeIgniter->runController(Object(App\Controllers\User))
 7 SYSTEMPATH\CodeIgniter.php(353): CodeIgniter\CodeIgniter->handleRequest(null, Object(Config\Cache), false)
 8 FCPATH\index.php(79): CodeIgniter\CodeIgniter->run()
CRITICAL - 2023-09-28 05:47:38 --> Cannot use object of type stdClass as array
in APPPATH\Views\allmodal\usermodal.php on line 83.
 1 SYSTEMPATH\View\View.php(226): include()
 2 SYSTEMPATH\View\View.php(229): CodeIgniter\View\View->CodeIgniter\View\{closure}()
 3 SYSTEMPATH\Common.php(1188): CodeIgniter\View\View->render('allmodal/usermodal', [], true)
 4 APPPATH\Controllers\User.php(85): view('allmodal/usermodal', [...])
 5 SYSTEMPATH\CodeIgniter.php(919): App\Controllers\User->view()
 6 SYSTEMPATH\CodeIgniter.php(494): CodeIgniter\CodeIgniter->runController(Object(App\Controllers\User))
 7 SYSTEMPATH\CodeIgniter.php(353): CodeIgniter\CodeIgniter->handleRequest(null, Object(Config\Cache), false)
 8 FCPATH\index.php(79): CodeIgniter\CodeIgniter->run()
CRITICAL - 2023-09-28 05:47:39 --> Cannot use object of type stdClass as array
in APPPATH\Views\allmodal\usermodal.php on line 83.
 1 SYSTEMPATH\View\View.php(226): include()
 2 SYSTEMPATH\View\View.php(229): CodeIgniter\View\View->CodeIgniter\View\{closure}()
 3 SYSTEMPATH\Common.php(1188): CodeIgniter\View\View->render('allmodal/usermodal', [], true)
 4 APPPATH\Controllers\User.php(85): view('allmodal/usermodal', [...])
 5 SYSTEMPATH\CodeIgniter.php(919): App\Controllers\User->view()
 6 SYSTEMPATH\CodeIgniter.php(494): CodeIgniter\CodeIgniter->runController(Object(App\Controllers\User))
 7 SYSTEMPATH\CodeIgniter.php(353): CodeIgniter\CodeIgniter->handleRequest(null, Object(Config\Cache), false)
 8 FCPATH\index.php(79): CodeIgniter\CodeIgniter->run()
CRITICAL - 2023-09-28 05:47:44 --> Cannot use object of type stdClass as array
in APPPATH\Views\allmodal\usermodal.php on line 83.
 1 SYSTEMPATH\View\View.php(226): include()
 2 SYSTEMPATH\View\View.php(229): CodeIgniter\View\View->CodeIgniter\View\{closure}()
 3 SYSTEMPATH\Common.php(1188): CodeIgniter\View\View->render('allmodal/usermodal', [], true)
 4 APPPATH\Controllers\User.php(85): view('allmodal/usermodal', [...])
 5 SYSTEMPATH\CodeIgniter.php(919): App\Controllers\User->view()
 6 SYSTEMPATH\CodeIgniter.php(494): CodeIgniter\CodeIgniter->runController(Object(App\Controllers\User))
 7 SYSTEMPATH\CodeIgniter.php(353): CodeIgniter\CodeIgniter->handleRequest(null, Object(Config\Cache), false)
 8 FCPATH\index.php(79): CodeIgniter\CodeIgniter->run()
CRITICAL - 2023-09-28 05:59:20 --> Cannot use object of type stdClass as array
in APPPATH\Views\allmodal\usermodal.php on line 83.
 1 SYSTEMPATH\View\View.php(226): include()
 2 SYSTEMPATH\View\View.php(229): CodeIgniter\View\View->CodeIgniter\View\{closure}()
 3 SYSTEMPATH\Common.php(1188): CodeIgniter\View\View->render('allmodal/usermodal', [], true)
 4 APPPATH\Controllers\User.php(86): view('allmodal/usermodal', [...])
 5 SYSTEMPATH\CodeIgniter.php(919): App\Controllers\User->view()
 6 SYSTEMPATH\CodeIgniter.php(494): CodeIgniter\CodeIgniter->runController(Object(App\Controllers\User))
 7 SYSTEMPATH\CodeIgniter.php(353): CodeIgniter\CodeIgniter->handleRequest(null, Object(Config\Cache), false)
 8 FCPATH\index.php(79): CodeIgniter\CodeIgniter->run()
INFO - 2023-09-28 06:21:27 --> Session: Class initialized using 'CodeIgniter\Session\Handlers\FileHandler' driver.
INFO - 2023-09-28 08:39:57 --> Session: Class initialized using 'CodeIgniter\Session\Handlers\FileHandler' driver.
INFO - 2023-09-28 08:40:04 --> Session: Class initialized using 'CodeIgniter\Session\Handlers\FileHandler' driver.
CRITICAL - 2023-09-28 09:06:36 --> Undefined variable $userData
in APPPATH\Views\user\index.php on line 73.
 1 APPPATH\Views\user\index.php(73): CodeIgniter\Debug\Exceptions->errorHandler(2, 'Undefined variable $userData', 'C:\\xampp\\htdocs\\cs\\app\\Views\\user\\index.php', 73)
 2 SYSTEMPATH\View\View.php(226): include('C:\\xampp\\htdocs\\cs\\app\\Views\\user\\index.php')
 3 SYSTEMPATH\View\View.php(229): CodeIgniter\View\View->CodeIgniter\View\{closure}()
 4 SYSTEMPATH\Common.php(1188): CodeIgniter\View\View->render('user/index', [], true)
 5 APPPATH\Controllers\User.php(16): view('user/index', [...])
 6 SYSTEMPATH\CodeIgniter.php(919): App\Controllers\User->index()
 7 SYSTEMPATH\CodeIgniter.php(494): CodeIgniter\CodeIgniter->runController(Object(App\Controllers\User))
 8 SYSTEMPATH\CodeIgniter.php(353): CodeIgniter\CodeIgniter->handleRequest(null, Object(Config\Cache), false)
 9 FCPATH\index.php(79): CodeIgniter\CodeIgniter->run()
CRITICAL - 2023-09-28 09:52:06 --> Cannot use object of type stdClass as array
in APPPATH\Views\user\index.php on line 73.
 1 SYSTEMPATH\View\View.php(226): include()
 2 SYSTEMPATH\View\View.php(229): CodeIgniter\View\View->CodeIgniter\View\{closure}()
 3 SYSTEMPATH\Common.php(1188): CodeIgniter\View\View->render('user/index', [], true)
 4 APPPATH\Controllers\User.php(16): view('user/index', [...])
 5 SYSTEMPATH\CodeIgniter.php(919): App\Controllers\User->index()
 6 SYSTEMPATH\CodeIgniter.php(494): CodeIgniter\CodeIgniter->runController(Object(App\Controllers\User))
 7 SYSTEMPATH\CodeIgniter.php(353): CodeIgniter\CodeIgniter->handleRequest(null, Object(Config\Cache), false)
 8 FCPATH\index.php(79): CodeIgniter\CodeIgniter->run()
CRITICAL - 2023-09-28 10:06:25 --> Undefined variable $firstname
in APPPATH\Views\allmodal\usermodal.php on line 87.
 1 APPPATH\Views\allmodal\usermodal.php(87): CodeIgniter\Debug\Exceptions->errorHandler(2, 'Undefined variable $firstname', 'C:\\xampp\\htdocs\\cs\\app\\Views\\allmodal\\usermodal.php', 87)
 2 SYSTEMPATH\View\View.php(226): include('C:\\xampp\\htdocs\\cs\\app\\Views\\allmodal\\usermodal.php')
 3 SYSTEMPATH\View\View.php(229): CodeIgniter\View\View->CodeIgniter\View\{closure}()
 4 SYSTEMPATH\Common.php(1188): CodeIgniter\View\View->render('allmodal/usermodal', [], true)
 5 APPPATH\Views\user\index.php(111): view('allmodal/usermodal')
 6 SYSTEMPATH\View\View.php(226): include('C:\\xampp\\htdocs\\cs\\app\\Views\\user\\index.php')
 7 SYSTEMPATH\View\View.php(229): CodeIgniter\View\View->CodeIgniter\View\{closure}()
 8 SYSTEMPATH\Common.php(1188): CodeIgniter\View\View->render('user/index', [], true)
 9 APPPATH\Controllers\User.php(16): view('user/index', [...])
10 SYSTEMPATH\CodeIgniter.php(919): App\Controllers\User->index()
11 SYSTEMPATH\CodeIgniter.php(494): CodeIgniter\CodeIgniter->runController(Object(App\Controllers\User))
12 SYSTEMPATH\CodeIgniter.php(353): CodeIgniter\CodeIgniter->handleRequest(null, Object(Config\Cache), false)
13 FCPATH\index.php(79): CodeIgniter\CodeIgniter->run()
CRITICAL - 2023-09-28 10:09:27 --> Attempt to read property "empno" on array
in APPPATH\Views\allmodal\usermodal.php on line 87.
 1 APPPATH\Views\allmodal\usermodal.php(87): CodeIgniter\Debug\Exceptions->errorHandler(2, 'Attempt to read property "empno" on array', 'C:\\xampp\\htdocs\\cs\\app\\Views\\allmodal\\usermodal.php', 87)
 2 SYSTEMPATH\View\View.php(226): include('C:\\xampp\\htdocs\\cs\\app\\Views\\allmodal\\usermodal.php')
 3 SYSTEMPATH\View\View.php(229): CodeIgniter\View\View->CodeIgniter\View\{closure}()
 4 SYSTEMPATH\Common.php(1188): CodeIgniter\View\View->render('allmodal/usermodal', [], true)
 5 APPPATH\Views\user\index.php(111): view('allmodal/usermodal')
 6 SYSTEMPATH\View\View.php(226): include('C:\\xampp\\htdocs\\cs\\app\\Views\\user\\index.php')
 7 SYSTEMPATH\View\View.php(229): CodeIgniter\View\View->CodeIgniter\View\{closure}()
 8 SYSTEMPATH\Common.php(1188): CodeIgniter\View\View->render('user/index', [], true)
 9 APPPATH\Controllers\User.php(16): view('user/index', [...])
10 SYSTEMPATH\CodeIgniter.php(919): App\Controllers\User->index()
11 SYSTEMPATH\CodeIgniter.php(494): CodeIgniter\CodeIgniter->runController(Object(App\Controllers\User))
12 SYSTEMPATH\CodeIgniter.php(353): CodeIgniter\CodeIgniter->handleRequest(null, Object(Config\Cache), false)
13 FCPATH\index.php(79): CodeIgniter\CodeIgniter->run()
CRITICAL - 2023-09-28 10:09:31 --> Attempt to read property "empno" on array
in APPPATH\Views\allmodal\usermodal.php on line 87.
 1 APPPATH\Views\allmodal\usermodal.php(87): CodeIgniter\Debug\Exceptions->errorHandler(2, 'Attempt to read property "empno" on array', 'C:\\xampp\\htdocs\\cs\\app\\Views\\allmodal\\usermodal.php', 87)
 2 SYSTEMPATH\View\View.php(226): include('C:\\xampp\\htdocs\\cs\\app\\Views\\allmodal\\usermodal.php')
 3 SYSTEMPATH\View\View.php(229): CodeIgniter\View\View->CodeIgniter\View\{closure}()
 4 SYSTEMPATH\Common.php(1188): CodeIgniter\View\View->render('allmodal/usermodal', [], true)
 5 APPPATH\Views\user\index.php(111): view('allmodal/usermodal')
 6 SYSTEMPATH\View\View.php(226): include('C:\\xampp\\htdocs\\cs\\app\\Views\\user\\index.php')
 7 SYSTEMPATH\View\View.php(229): CodeIgniter\View\View->CodeIgniter\View\{closure}()
 8 SYSTEMPATH\Common.php(1188): CodeIgniter\View\View->render('user/index', [], true)
 9 APPPATH\Controllers\User.php(16): view('user/index', [...])
10 SYSTEMPATH\CodeIgniter.php(919): App\Controllers\User->index()
11 SYSTEMPATH\CodeIgniter.php(494): CodeIgniter\CodeIgniter->runController(Object(App\Controllers\User))
12 SYSTEMPATH\CodeIgniter.php(353): CodeIgniter\CodeIgniter->handleRequest(null, Object(Config\Cache), false)
13 FCPATH\index.php(79): CodeIgniter\CodeIgniter->run()
CRITICAL - 2023-09-28 10:09:35 --> Attempt to read property "empno" on array
in APPPATH\Views\allmodal\usermodal.php on line 87.
 1 APPPATH\Views\allmodal\usermodal.php(87): CodeIgniter\Debug\Exceptions->errorHandler(2, 'Attempt to read property "empno" on array', 'C:\\xampp\\htdocs\\cs\\app\\Views\\allmodal\\usermodal.php', 87)
 2 SYSTEMPATH\View\View.php(226): include('C:\\xampp\\htdocs\\cs\\app\\Views\\allmodal\\usermodal.php')
 3 SYSTEMPATH\View\View.php(229): CodeIgniter\View\View->CodeIgniter\View\{closure}()
 4 SYSTEMPATH\Common.php(1188): CodeIgniter\View\View->render('allmodal/usermodal', [], true)
 5 APPPATH\Views\user\index.php(111): view('allmodal/usermodal')
 6 SYSTEMPATH\View\View.php(226): include('C:\\xampp\\htdocs\\cs\\app\\Views\\user\\index.php')
 7 SYSTEMPATH\View\View.php(229): CodeIgniter\View\View->CodeIgniter\View\{closure}()
 8 SYSTEMPATH\Common.php(1188): CodeIgniter\View\View->render('user/index', [], true)
 9 APPPATH\Controllers\User.php(16): view('user/index', [...])
10 SYSTEMPATH\CodeIgniter.php(919): App\Controllers\User->index()
11 SYSTEMPATH\CodeIgniter.php(494): CodeIgniter\CodeIgniter->runController(Object(App\Controllers\User))
12 SYSTEMPATH\CodeIgniter.php(353): CodeIgniter\CodeIgniter->handleRequest(null, Object(Config\Cache), false)
13 FCPATH\index.php(79): CodeIgniter\CodeIgniter->run()
CRITICAL - 2023-09-28 10:12:32 --> Attempt to read property "empno" on array
in APPPATH\Views\allmodal\usermodal.php on line 87.
 1 APPPATH\Views\allmodal\usermodal.php(87): CodeIgniter\Debug\Exceptions->errorHandler(2, 'Attempt to read property "empno" on array', 'C:\\xampp\\htdocs\\cs\\app\\Views\\allmodal\\usermodal.php', 87)
 2 SYSTEMPATH\View\View.php(226): include('C:\\xampp\\htdocs\\cs\\app\\Views\\allmodal\\usermodal.php')
 3 SYSTEMPATH\View\View.php(229): CodeIgniter\View\View->CodeIgniter\View\{closure}()
 4 SYSTEMPATH\Common.php(1188): CodeIgniter\View\View->render('allmodal/usermodal', [], true)
 5 APPPATH\Views\user\index.php(111): view('allmodal/usermodal')
 6 SYSTEMPATH\View\View.php(226): include('C:\\xampp\\htdocs\\cs\\app\\Views\\user\\index.php')
 7 SYSTEMPATH\View\View.php(229): CodeIgniter\View\View->CodeIgniter\View\{closure}()
 8 SYSTEMPATH\Common.php(1188): CodeIgniter\View\View->render('user/index', [], true)
 9 APPPATH\Controllers\User.php(16): view('user/index', [...])
10 SYSTEMPATH\CodeIgniter.php(919): App\Controllers\User->index()
11 SYSTEMPATH\CodeIgniter.php(494): CodeIgniter\CodeIgniter->runController(Object(App\Controllers\User))
12 SYSTEMPATH\CodeIgniter.php(353): CodeIgniter\CodeIgniter->handleRequest(null, Object(Config\Cache), false)
13 FCPATH\index.php(79): CodeIgniter\CodeIgniter->run()
CRITICAL - 2023-09-28 10:12:40 --> Attempt to read property "empno" on array
in APPPATH\Views\allmodal\usermodal.php on line 87.
 1 APPPATH\Views\allmodal\usermodal.php(87): CodeIgniter\Debug\Exceptions->errorHandler(2, 'Attempt to read property "empno" on array', 'C:\\xampp\\htdocs\\cs\\app\\Views\\allmodal\\usermodal.php', 87)
 2 SYSTEMPATH\View\View.php(226): include('C:\\xampp\\htdocs\\cs\\app\\Views\\allmodal\\usermodal.php')
 3 SYSTEMPATH\View\View.php(229): CodeIgniter\View\View->CodeIgniter\View\{closure}()
 4 SYSTEMPATH\Common.php(1188): CodeIgniter\View\View->render('allmodal/usermodal', [], true)
 5 APPPATH\Views\user\index.php(111): view('allmodal/usermodal')
 6 SYSTEMPATH\View\View.php(226): include('C:\\xampp\\htdocs\\cs\\app\\Views\\user\\index.php')
 7 SYSTEMPATH\View\View.php(229): CodeIgniter\View\View->CodeIgniter\View\{closure}()
 8 SYSTEMPATH\Common.php(1188): CodeIgniter\View\View->render('user/index', [], true)
 9 APPPATH\Controllers\User.php(16): view('user/index', [...])
10 SYSTEMPATH\CodeIgniter.php(919): App\Controllers\User->index()
11 SYSTEMPATH\CodeIgniter.php(494): CodeIgniter\CodeIgniter->runController(Object(App\Controllers\User))
12 SYSTEMPATH\CodeIgniter.php(353): CodeIgniter\CodeIgniter->handleRequest(null, Object(Config\Cache), false)
13 FCPATH\index.php(79): CodeIgniter\CodeIgniter->run()
CRITICAL - 2023-09-28 10:22:01 --> Attempt to read property "empno" on array
in APPPATH\Views\allmodal\usermodal.php on line 83.
 1 APPPATH\Views\allmodal\usermodal.php(83): CodeIgniter\Debug\Exceptions->errorHandler(2, 'Attempt to read property "empno" on array', 'C:\\xampp\\htdocs\\cs\\app\\Views\\allmodal\\usermodal.php', 83)
 2 SYSTEMPATH\View\View.php(226): include('C:\\xampp\\htdocs\\cs\\app\\Views\\allmodal\\usermodal.php')
 3 SYSTEMPATH\View\View.php(229): CodeIgniter\View\View->CodeIgniter\View\{closure}()
 4 SYSTEMPATH\Common.php(1188): CodeIgniter\View\View->render('allmodal/usermodal', [], true)
 5 APPPATH\Views\user\index.php(111): view('allmodal/usermodal')
 6 SYSTEMPATH\View\View.php(226): include('C:\\xampp\\htdocs\\cs\\app\\Views\\user\\index.php')
 7 SYSTEMPATH\View\View.php(229): CodeIgniter\View\View->CodeIgniter\View\{closure}()
 8 SYSTEMPATH\Common.php(1188): CodeIgniter\View\View->render('user/index', [], true)
 9 APPPATH\Controllers\User.php(16): view('user/index', [...])
10 SYSTEMPATH\CodeIgniter.php(919): App\Controllers\User->index()
11 SYSTEMPATH\CodeIgniter.php(494): CodeIgniter\CodeIgniter->runController(Object(App\Controllers\User))
12 SYSTEMPATH\CodeIgniter.php(353): CodeIgniter\CodeIgniter->handleRequest(null, Object(Config\Cache), false)
13 FCPATH\index.php(79): CodeIgniter\CodeIgniter->run()
CRITICAL - 2023-09-28 10:31:59 --> syntax error, unexpected identifier "edit", expecting ")"
in APPPATH\Controllers\User.php on line 88.
 1 SYSTEMPATH\Router\Router.php(512): CodeIgniter\Router\AutoRouter->getRoute('/', 'get')
 2 SYSTEMPATH\Router\Router.php(208): CodeIgniter\Router\Router->autoRoute('/')
 3 SYSTEMPATH\CodeIgniter.php(800): CodeIgniter\Router\Router->handle('/')
 4 SYSTEMPATH\CodeIgniter.php(442): CodeIgniter\CodeIgniter->tryToRouteIt(Object(CodeIgniter\Router\RouteCollection))
 5 SYSTEMPATH\CodeIgniter.php(353): CodeIgniter\CodeIgniter->handleRequest(null, Object(Config\Cache), false)
 6 FCPATH\index.php(79): CodeIgniter\CodeIgniter->run()
CRITICAL - 2023-09-28 10:32:31 --> Attempt to read property "empno" on array
in APPPATH\Views\allmodal\usermodal.php on line 83.
 1 APPPATH\Views\allmodal\usermodal.php(83): CodeIgniter\Debug\Exceptions->errorHandler(2, 'Attempt to read property "empno" on array', 'C:\\xampp\\htdocs\\cs\\app\\Views\\allmodal\\usermodal.php', 83)
 2 SYSTEMPATH\View\View.php(226): include('C:\\xampp\\htdocs\\cs\\app\\Views\\allmodal\\usermodal.php')
 3 SYSTEMPATH\View\View.php(229): CodeIgniter\View\View->CodeIgniter\View\{closure}()
 4 SYSTEMPATH\Common.php(1188): CodeIgniter\View\View->render('allmodal/usermodal', [], true)
 5 APPPATH\Views\user\index.php(111): view('allmodal/usermodal')
 6 SYSTEMPATH\View\View.php(226): include('C:\\xampp\\htdocs\\cs\\app\\Views\\user\\index.php')
 7 SYSTEMPATH\View\View.php(229): CodeIgniter\View\View->CodeIgniter\View\{closure}()
 8 SYSTEMPATH\Common.php(1188): CodeIgniter\View\View->render('user/index', [], true)
 9 APPPATH\Controllers\User.php(16): view('user/index', [...])
10 SYSTEMPATH\CodeIgniter.php(919): App\Controllers\User->index()
11 SYSTEMPATH\CodeIgniter.php(494): CodeIgniter\CodeIgniter->runController(Object(App\Controllers\User))
12 SYSTEMPATH\CodeIgniter.php(353): CodeIgniter\CodeIgniter->handleRequest(null, Object(Config\Cache), false)
13 FCPATH\index.php(79): CodeIgniter\CodeIgniter->run()
CRITICAL - 2023-09-28 10:33:02 --> Attempt to read property "empno" on array
in APPPATH\Views\allmodal\usermodal.php on line 83.
 1 APPPATH\Views\allmodal\usermodal.php(83): CodeIgniter\Debug\Exceptions->errorHandler(2, 'Attempt to read property "empno" on array', 'C:\\xampp\\htdocs\\cs\\app\\Views\\allmodal\\usermodal.php', 83)
 2 SYSTEMPATH\View\View.php(226): include('C:\\xampp\\htdocs\\cs\\app\\Views\\allmodal\\usermodal.php')
 3 SYSTEMPATH\View\View.php(229): CodeIgniter\View\View->CodeIgniter\View\{closure}()
 4 SYSTEMPATH\Common.php(1188): CodeIgniter\View\View->render('allmodal/usermodal', [], true)
 5 APPPATH\Views\user\index.php(111): view('allmodal/usermodal')
 6 SYSTEMPATH\View\View.php(226): include('C:\\xampp\\htdocs\\cs\\app\\Views\\user\\index.php')
 7 SYSTEMPATH\View\View.php(229): CodeIgniter\View\View->CodeIgniter\View\{closure}()
 8 SYSTEMPATH\Common.php(1188): CodeIgniter\View\View->render('user/index', [], true)
 9 APPPATH\Controllers\User.php(16): view('user/index', [...])
10 SYSTEMPATH\CodeIgniter.php(919): App\Controllers\User->index()
11 SYSTEMPATH\CodeIgniter.php(494): CodeIgniter\CodeIgniter->runController(Object(App\Controllers\User))
12 SYSTEMPATH\CodeIgniter.php(353): CodeIgniter\CodeIgniter->handleRequest(null, Object(Config\Cache), false)
13 FCPATH\index.php(79): CodeIgniter\CodeIgniter->run()
CRITICAL - 2023-09-28 10:33:03 --> Attempt to read property "empno" on array
in APPPATH\Views\allmodal\usermodal.php on line 83.
 1 APPPATH\Views\allmodal\usermodal.php(83): CodeIgniter\Debug\Exceptions->errorHandler(2, 'Attempt to read property "empno" on array', 'C:\\xampp\\htdocs\\cs\\app\\Views\\allmodal\\usermodal.php', 83)
 2 SYSTEMPATH\View\View.php(226): include('C:\\xampp\\htdocs\\cs\\app\\Views\\allmodal\\usermodal.php')
 3 SYSTEMPATH\View\View.php(229): CodeIgniter\View\View->CodeIgniter\View\{closure}()
 4 SYSTEMPATH\Common.php(1188): CodeIgniter\View\View->render('allmodal/usermodal', [], true)
 5 APPPATH\Views\user\index.php(111): view('allmodal/usermodal')
 6 SYSTEMPATH\View\View.php(226): include('C:\\xampp\\htdocs\\cs\\app\\Views\\user\\index.php')
 7 SYSTEMPATH\View\View.php(229): CodeIgniter\View\View->CodeIgniter\View\{closure}()
 8 SYSTEMPATH\Common.php(1188): CodeIgniter\View\View->render('user/index', [], true)
 9 APPPATH\Controllers\User.php(16): view('user/index', [...])
10 SYSTEMPATH\CodeIgniter.php(919): App\Controllers\User->index()
11 SYSTEMPATH\CodeIgniter.php(494): CodeIgniter\CodeIgniter->runController(Object(App\Controllers\User))
12 SYSTEMPATH\CodeIgniter.php(353): CodeIgniter\CodeIgniter->handleRequest(null, Object(Config\Cache), false)
13 FCPATH\index.php(79): CodeIgniter\CodeIgniter->run()
CRITICAL - 2023-09-28 10:33:04 --> Attempt to read property "empno" on array
in APPPATH\Views\allmodal\usermodal.php on line 83.
 1 APPPATH\Views\allmodal\usermodal.php(83): CodeIgniter\Debug\Exceptions->errorHandler(2, 'Attempt to read property "empno" on array', 'C:\\xampp\\htdocs\\cs\\app\\Views\\allmodal\\usermodal.php', 83)
 2 SYSTEMPATH\View\View.php(226): include('C:\\xampp\\htdocs\\cs\\app\\Views\\allmodal\\usermodal.php')
 3 SYSTEMPATH\View\View.php(229): CodeIgniter\View\View->CodeIgniter\View\{closure}()
 4 SYSTEMPATH\Common.php(1188): CodeIgniter\View\View->render('allmodal/usermodal', [], true)
 5 APPPATH\Views\user\index.php(111): view('allmodal/usermodal')
 6 SYSTEMPATH\View\View.php(226): include('C:\\xampp\\htdocs\\cs\\app\\Views\\user\\index.php')
 7 SYSTEMPATH\View\View.php(229): CodeIgniter\View\View->CodeIgniter\View\{closure}()
 8 SYSTEMPATH\Common.php(1188): CodeIgniter\View\View->render('user/index', [], true)
 9 APPPATH\Controllers\User.php(16): view('user/index', [...])
10 SYSTEMPATH\CodeIgniter.php(919): App\Controllers\User->index()
11 SYSTEMPATH\CodeIgniter.php(494): CodeIgniter\CodeIgniter->runController(Object(App\Controllers\User))
12 SYSTEMPATH\CodeIgniter.php(353): CodeIgniter\CodeIgniter->handleRequest(null, Object(Config\Cache), false)
13 FCPATH\index.php(79): CodeIgniter\CodeIgniter->run()
